# Logfile created on Fri Jan 22 03:24:09 -0800 2010/!\ FAILSAFE /!\  Fri Jan 22 03:25:54 -0800 2010
  Status: 500 Internal Server Error
  could not open database: unable to open database file
    /Users/capotej/.rvm/gems/ruby/1.8.7/gems/sqlite3-ruby-1.2.5/lib/sqlite3/errors.rb:62:in `check'
    /Users/capotej/.rvm/gems/ruby/1.8.7/gems/sqlite3-ruby-1.2.5/lib/sqlite3/database.rb:77:in `initialize'
    /Users/capotej/.rvm/gems/ruby/1.8.7/gems/activerecord-2.3.5/lib/active_record/connection_adapters/sqlite3_adapter.rb:13:in `new'
    /Users/capotej/.rvm/gems/ruby/1.8.7/gems/activerecord-2.3.5/lib/active_record/connection_adapters/sqlite3_adapter.rb:13:in `sqlite3_connection'
    /Users/capotej/.rvm/gems/ruby/1.8.7/gems/activerecord-2.3.5/lib/active_record/connection_adapters/abstract/connection_pool.rb:223:in `send'
    /Users/capotej/.rvm/gems/ruby/1.8.7/gems/activerecord-2.3.5/lib/active_record/connection_adapters/abstract/connection_pool.rb:223:in `new_connection'
    /Users/capotej/.rvm/gems/ruby/1.8.7/gems/activerecord-2.3.5/lib/active_record/connection_adapters/abstract/connection_pool.rb:245:in `checkout_new_connection'
    /Users/capotej/.rvm/gems/ruby/1.8.7/gems/activerecord-2.3.5/lib/active_record/connection_adapters/abstract/connection_pool.rb:188:in `checkout'
    /Users/capotej/.rvm/gems/ruby/1.8.7/gems/activerecord-2.3.5/lib/active_record/connection_adapters/abstract/connection_pool.rb:184:in `loop'
    /Users/capotej/.rvm/gems/ruby/1.8.7/gems/activerecord-2.3.5/lib/active_record/connection_adapters/abstract/connection_pool.rb:184:in `checkout'
    /Users/capotej/.rvm/ruby-1.8.7-p174/lib/ruby/1.8/monitor.rb:242:in `synchronize'
    /Users/capotej/.rvm/gems/ruby/1.8.7/gems/activerecord-2.3.5/lib/active_record/connection_adapters/abstract/connection_pool.rb:183:in `checkout'
    /Users/capotej/.rvm/gems/ruby/1.8.7/gems/activerecord-2.3.5/lib/active_record/connection_adapters/abstract/connection_pool.rb:98:in `connection'
    /Users/capotej/.rvm/gems/ruby/1.8.7/gems/activerecord-2.3.5/lib/active_record/connection_adapters/abstract/connection_pool.rb:326:in `retrieve_connection'
    /Users/capotej/.rvm/gems/ruby/1.8.7/gems/activerecord-2.3.5/lib/active_record/connection_adapters/abstract/connection_specification.rb:123:in `retrieve_connection'
    /Users/capotej/.rvm/gems/ruby/1.8.7/gems/activerecord-2.3.5/lib/active_record/connection_adapters/abstract/connection_specification.rb:115:in `connection'
    /Users/capotej/.rvm/gems/ruby/1.8.7/gems/activerecord-2.3.5/lib/active_record/query_cache.rb:9:in `cache'
    /Users/capotej/.rvm/gems/ruby/1.8.7/gems/activerecord-2.3.5/lib/active_record/query_cache.rb:28:in `call'
    /Users/capotej/.rvm/gems/ruby/1.8.7/gems/activerecord-2.3.5/lib/active_record/connection_adapters/abstract/connection_pool.rb:361:in `call'
    /Users/capotej/.rvm/gems/ruby/1.8.7/gems/actionpack-2.3.5/lib/action_controller/string_coercion.rb:25:in `call'
    /Users/capotej/.rvm/gems/ruby/1.8.7/gems/rack-1.0.1/lib/rack/head.rb:9:in `call'
    /Users/capotej/.rvm/gems/ruby/1.8.7/gems/rack-1.0.1/lib/rack/methodoverride.rb:24:in `call'
    /Users/capotej/.rvm/gems/ruby/1.8.7/gems/actionpack-2.3.5/lib/action_controller/params_parser.rb:15:in `call'
    /Users/capotej/.rvm/gems/ruby/1.8.7/gems/actionpack-2.3.5/lib/action_controller/session/cookie_store.rb:93:in `call'
    /Users/capotej/.rvm/gems/ruby/1.8.7/gems/actionpack-2.3.5/lib/action_controller/failsafe.rb:26:in `call'
    /Users/capotej/.rvm/gems/ruby/1.8.7/gems/rack-1.0.1/lib/rack/lock.rb:11:in `call'
    /Users/capotej/.rvm/gems/ruby/1.8.7/gems/rack-1.0.1/lib/rack/lock.rb:11:in `synchronize'
    /Users/capotej/.rvm/gems/ruby/1.8.7/gems/rack-1.0.1/lib/rack/lock.rb:11:in `call'
    /Users/capotej/.rvm/gems/ruby/1.8.7/gems/actionpack-2.3.5/lib/action_controller/dispatcher.rb:114:in `call'
    /Users/capotej/.rvm/gems/ruby/1.8.7/gems/actionpack-2.3.5/lib/action_controller/reloader.rb:34:in `run'
    /Users/capotej/.rvm/gems/ruby/1.8.7/gems/actionpack-2.3.5/lib/action_controller/dispatcher.rb:108:in `call'
    /Users/capotej/.rvm/gems/ruby/1.8.7/gems/rails-2.3.5/lib/rails/rack/static.rb:31:in `call'
    /Users/capotej/.rvm/gems/ruby/1.8.7/gems/rack-1.0.1/lib/rack/urlmap.rb:46:in `call'
    /Users/capotej/.rvm/gems/ruby/1.8.7/gems/rack-1.0.1/lib/rack/urlmap.rb:40:in `each'
    /Users/capotej/.rvm/gems/ruby/1.8.7/gems/rack-1.0.1/lib/rack/urlmap.rb:40:in `call'
    /Users/capotej/.rvm/gems/ruby/1.8.7/gems/rails-2.3.5/lib/rails/rack/log_tailer.rb:17:in `call'
    /Users/capotej/.rvm/gems/ruby/1.8.7/gems/rack-1.0.1/lib/rack/content_length.rb:13:in `call'
    /Users/capotej/.rvm/gems/ruby/1.8.7/gems/rack-1.0.1/lib/rack/handler/webrick.rb:50:in `service'
    /Users/capotej/.rvm/ruby-1.8.7-p174/lib/ruby/1.8/webrick/httpserver.rb:104:in `service'
    /Users/capotej/.rvm/ruby-1.8.7-p174/lib/ruby/1.8/webrick/httpserver.rb:65:in `run'
    /Users/capotej/.rvm/ruby-1.8.7-p174/lib/ruby/1.8/webrick/server.rb:173:in `start_thread'
    /Users/capotej/.rvm/ruby-1.8.7-p174/lib/ruby/1.8/webrick/server.rb:162:in `start'
    /Users/capotej/.rvm/ruby-1.8.7-p174/lib/ruby/1.8/webrick/server.rb:162:in `start_thread'
    /Users/capotej/.rvm/ruby-1.8.7-p174/lib/ruby/1.8/webrick/server.rb:95:in `start'
    /Users/capotej/.rvm/ruby-1.8.7-p174/lib/ruby/1.8/webrick/server.rb:92:in `each'
    /Users/capotej/.rvm/ruby-1.8.7-p174/lib/ruby/1.8/webrick/server.rb:92:in `start'
    /Users/capotej/.rvm/ruby-1.8.7-p174/lib/ruby/1.8/webrick/server.rb:23:in `start'
    /Users/capotej/.rvm/ruby-1.8.7-p174/lib/ruby/1.8/webrick/server.rb:82:in `start'
    /Users/capotej/.rvm/gems/ruby/1.8.7/gems/rack-1.0.1/lib/rack/handler/webrick.rb:14:in `run'
    /Users/capotej/.rvm/gems/ruby/1.8.7/gems/rails-2.3.5/lib/commands/server.rb:111
    /Users/capotej/.rvm/ruby-1.8.7-p174/lib/ruby/site_ruby/1.8/rubygems/custom_require.rb:31:in `gem_original_require'
    /Users/capotej/.rvm/ruby-1.8.7-p174/lib/ruby/site_ruby/1.8/rubygems/custom_require.rb:31:in `require'
    script/server:3
/!\ FAILSAFE /!\  Fri Jan 22 03:25:58 -0800 2010
  Status: 500 Internal Server Error
  could not open database: unable to open database file
    /Users/capotej/.rvm/gems/ruby/1.8.7/gems/sqlite3-ruby-1.2.5/lib/sqlite3/errors.rb:62:in `check'
    /Users/capotej/.rvm/gems/ruby/1.8.7/gems/sqlite3-ruby-1.2.5/lib/sqlite3/database.rb:77:in `initialize'
    /Users/capotej/.rvm/gems/ruby/1.8.7/gems/activerecord-2.3.5/lib/active_record/connection_adapters/sqlite3_adapter.rb:13:in `new'
    /Users/capotej/.rvm/gems/ruby/1.8.7/gems/activerecord-2.3.5/lib/active_record/connection_adapters/sqlite3_adapter.rb:13:in `sqlite3_connection'
    /Users/capotej/.rvm/gems/ruby/1.8.7/gems/activerecord-2.3.5/lib/active_record/connection_adapters/abstract/connection_pool.rb:223:in `send'
    /Users/capotej/.rvm/gems/ruby/1.8.7/gems/activerecord-2.3.5/lib/active_record/connection_adapters/abstract/connection_pool.rb:223:in `new_connection'
    /Users/capotej/.rvm/gems/ruby/1.8.7/gems/activerecord-2.3.5/lib/active_record/connection_adapters/abstract/connection_pool.rb:245:in `checkout_new_connection'
    /Users/capotej/.rvm/gems/ruby/1.8.7/gems/activerecord-2.3.5/lib/active_record/connection_adapters/abstract/connection_pool.rb:188:in `checkout'
    /Users/capotej/.rvm/gems/ruby/1.8.7/gems/activerecord-2.3.5/lib/active_record/connection_adapters/abstract/connection_pool.rb:184:in `loop'
    /Users/capotej/.rvm/gems/ruby/1.8.7/gems/activerecord-2.3.5/lib/active_record/connection_adapters/abstract/connection_pool.rb:184:in `checkout'
    /Users/capotej/.rvm/ruby-1.8.7-p174/lib/ruby/1.8/monitor.rb:242:in `synchronize'
    /Users/capotej/.rvm/gems/ruby/1.8.7/gems/activerecord-2.3.5/lib/active_record/connection_adapters/abstract/connection_pool.rb:183:in `checkout'
    /Users/capotej/.rvm/gems/ruby/1.8.7/gems/activerecord-2.3.5/lib/active_record/connection_adapters/abstract/connection_pool.rb:98:in `connection'
    /Users/capotej/.rvm/gems/ruby/1.8.7/gems/activerecord-2.3.5/lib/active_record/connection_adapters/abstract/connection_pool.rb:326:in `retrieve_connection'
    /Users/capotej/.rvm/gems/ruby/1.8.7/gems/activerecord-2.3.5/lib/active_record/connection_adapters/abstract/connection_specification.rb:123:in `retrieve_connection'
    /Users/capotej/.rvm/gems/ruby/1.8.7/gems/activerecord-2.3.5/lib/active_record/connection_adapters/abstract/connection_specification.rb:115:in `connection'
    /Users/capotej/.rvm/gems/ruby/1.8.7/gems/activerecord-2.3.5/lib/active_record/query_cache.rb:9:in `cache'
    /Users/capotej/.rvm/gems/ruby/1.8.7/gems/activerecord-2.3.5/lib/active_record/query_cache.rb:28:in `call'
    /Users/capotej/.rvm/gems/ruby/1.8.7/gems/activerecord-2.3.5/lib/active_record/connection_adapters/abstract/connection_pool.rb:361:in `call'
    /Users/capotej/.rvm/gems/ruby/1.8.7/gems/actionpack-2.3.5/lib/action_controller/string_coercion.rb:25:in `call'
    /Users/capotej/.rvm/gems/ruby/1.8.7/gems/rack-1.0.1/lib/rack/head.rb:9:in `call'
    /Users/capotej/.rvm/gems/ruby/1.8.7/gems/rack-1.0.1/lib/rack/methodoverride.rb:24:in `call'
    /Users/capotej/.rvm/gems/ruby/1.8.7/gems/actionpack-2.3.5/lib/action_controller/params_parser.rb:15:in `call'
    /Users/capotej/.rvm/gems/ruby/1.8.7/gems/actionpack-2.3.5/lib/action_controller/session/cookie_store.rb:93:in `call'
    /Users/capotej/.rvm/gems/ruby/1.8.7/gems/actionpack-2.3.5/lib/action_controller/failsafe.rb:26:in `call'
    /Users/capotej/.rvm/gems/ruby/1.8.7/gems/rack-1.0.1/lib/rack/lock.rb:11:in `call'
    /Users/capotej/.rvm/gems/ruby/1.8.7/gems/rack-1.0.1/lib/rack/lock.rb:11:in `synchronize'
    /Users/capotej/.rvm/gems/ruby/1.8.7/gems/rack-1.0.1/lib/rack/lock.rb:11:in `call'
    /Users/capotej/.rvm/gems/ruby/1.8.7/gems/actionpack-2.3.5/lib/action_controller/dispatcher.rb:114:in `call'
    /Users/capotej/.rvm/gems/ruby/1.8.7/gems/actionpack-2.3.5/lib/action_controller/reloader.rb:34:in `run'
    /Users/capotej/.rvm/gems/ruby/1.8.7/gems/actionpack-2.3.5/lib/action_controller/dispatcher.rb:108:in `call'
    /Users/capotej/.rvm/gems/ruby/1.8.7/gems/rails-2.3.5/lib/rails/rack/static.rb:31:in `call'
    /Users/capotej/.rvm/gems/ruby/1.8.7/gems/rack-1.0.1/lib/rack/urlmap.rb:46:in `call'
    /Users/capotej/.rvm/gems/ruby/1.8.7/gems/rack-1.0.1/lib/rack/urlmap.rb:40:in `each'
    /Users/capotej/.rvm/gems/ruby/1.8.7/gems/rack-1.0.1/lib/rack/urlmap.rb:40:in `call'
    /Users/capotej/.rvm/gems/ruby/1.8.7/gems/rails-2.3.5/lib/rails/rack/log_tailer.rb:17:in `call'
    /Users/capotej/.rvm/gems/ruby/1.8.7/gems/rack-1.0.1/lib/rack/content_length.rb:13:in `call'
    /Users/capotej/.rvm/gems/ruby/1.8.7/gems/rack-1.0.1/lib/rack/handler/webrick.rb:50:in `service'
    /Users/capotej/.rvm/ruby-1.8.7-p174/lib/ruby/1.8/webrick/httpserver.rb:104:in `service'
    /Users/capotej/.rvm/ruby-1.8.7-p174/lib/ruby/1.8/webrick/httpserver.rb:65:in `run'
    /Users/capotej/.rvm/ruby-1.8.7-p174/lib/ruby/1.8/webrick/server.rb:173:in `start_thread'
    /Users/capotej/.rvm/ruby-1.8.7-p174/lib/ruby/1.8/webrick/server.rb:162:in `start'
    /Users/capotej/.rvm/ruby-1.8.7-p174/lib/ruby/1.8/webrick/server.rb:162:in `start_thread'
    /Users/capotej/.rvm/ruby-1.8.7-p174/lib/ruby/1.8/webrick/server.rb:95:in `start'
    /Users/capotej/.rvm/ruby-1.8.7-p174/lib/ruby/1.8/webrick/server.rb:92:in `each'
    /Users/capotej/.rvm/ruby-1.8.7-p174/lib/ruby/1.8/webrick/server.rb:92:in `start'
    /Users/capotej/.rvm/ruby-1.8.7-p174/lib/ruby/1.8/webrick/server.rb:23:in `start'
    /Users/capotej/.rvm/ruby-1.8.7-p174/lib/ruby/1.8/webrick/server.rb:82:in `start'
    /Users/capotej/.rvm/gems/ruby/1.8.7/gems/rack-1.0.1/lib/rack/handler/webrick.rb:14:in `run'
    /Users/capotej/.rvm/gems/ruby/1.8.7/gems/rails-2.3.5/lib/commands/server.rb:111
    /Users/capotej/.rvm/ruby-1.8.7-p174/lib/ruby/site_ruby/1.8/rubygems/custom_require.rb:31:in `gem_original_require'
    /Users/capotej/.rvm/ruby-1.8.7-p174/lib/ruby/site_ruby/1.8/rubygems/custom_require.rb:31:in `require'
    script/server:3
  [4;36;1mSQL (0.2ms)[0m   [0;1m SELECT name
 FROM sqlite_master
 WHERE type = 'table' AND NOT name = 'sqlite_sequence'
[0m
  [4;35;1mSQL (0.2ms)[0m   [0mselect sqlite_version(*)[0m
  [4;36;1mSQL (1.5ms)[0m   [0;1mCREATE TABLE "schema_migrations" ("version" varchar(255) NOT NULL) [0m
  [4;35;1mSQL (1.2ms)[0m   [0mCREATE UNIQUE INDEX "unique_schema_migrations" ON "schema_migrations" ("version")[0m
  [4;36;1mSQL (0.1ms)[0m   [0;1m SELECT name
 FROM sqlite_master
 WHERE type = 'table' AND NOT name = 'sqlite_sequence'
[0m
  [4;35;1mSQL (1.1ms)[0m   [0m SELECT name
 FROM sqlite_master
 WHERE type = 'table' AND NOT name = 'sqlite_sequence'
[0m
  [4;36;1mSQL (1.6ms)[0m   [0;1mSELECT version FROM schema_migrations[0m
  [4;35;1mSQL (0.2ms)[0m   [0m SELECT name
 FROM sqlite_master
 WHERE type = 'table' AND NOT name = 'sqlite_sequence'
[0m


Processing ApplicationController#index (for 127.0.0.1 at 2010-01-22 03:27:22) [GET]

MissingSourceFile (no such file to load -- openid):
  app/controllers/login_controller.rb:4
  /Users/capotej/.rvm/ruby-1.8.7-p174/lib/ruby/1.8/webrick/httpserver.rb:104:in `service'
  /Users/capotej/.rvm/ruby-1.8.7-p174/lib/ruby/1.8/webrick/httpserver.rb:65:in `run'
  /Users/capotej/.rvm/ruby-1.8.7-p174/lib/ruby/1.8/webrick/server.rb:173:in `start_thread'
  /Users/capotej/.rvm/ruby-1.8.7-p174/lib/ruby/1.8/webrick/server.rb:162:in `start'
  /Users/capotej/.rvm/ruby-1.8.7-p174/lib/ruby/1.8/webrick/server.rb:162:in `start_thread'
  /Users/capotej/.rvm/ruby-1.8.7-p174/lib/ruby/1.8/webrick/server.rb:95:in `start'
  /Users/capotej/.rvm/ruby-1.8.7-p174/lib/ruby/1.8/webrick/server.rb:92:in `each'
  /Users/capotej/.rvm/ruby-1.8.7-p174/lib/ruby/1.8/webrick/server.rb:92:in `start'
  /Users/capotej/.rvm/ruby-1.8.7-p174/lib/ruby/1.8/webrick/server.rb:23:in `start'
  /Users/capotej/.rvm/ruby-1.8.7-p174/lib/ruby/1.8/webrick/server.rb:82:in `start'

Rendered rescues/_trace (33.6ms)
Rendered rescues/_request_and_response (1.2ms)
Rendering rescues/layout (internal_server_error)


Processing LoginController#index (for 127.0.0.1 at 2010-01-22 03:27:55) [GET]
Rendering template within layouts/server
Rendering login/index
Completed in 27ms (View: 25, DB: 0) | 200 OK [http://localhost/]


Processing LoginController#index (for 127.0.0.1 at 2010-01-22 03:30:02) [GET]
Rendering template within layouts/server
Rendering login/index
Completed in 19ms (View: 17, DB: 0) | 200 OK [http://localhost/]


Processing ConsumerController#index (for 127.0.0.1 at 2010-01-22 03:30:09) [GET]
Rendering consumer/index
Completed in 8ms (View: 7, DB: 0) | 200 OK [http://localhost/consumer]


Processing ConsumerController#start (for 127.0.0.1 at 2010-01-22 03:30:17) [GET]
  Parameters: {"openid_identifier"=>"jcapote.myopenid.com"}
Redirected to http://www.myopenid.com/server?openid.assoc_handle=%7BHMAC-SHA1%7D%7B4b598c4a%7D%7BnubB4g%3D%3D%7D&openid.claimed_id=http%3A%2F%2Fjcapote.myopenid.com%2F&openid.identity=http%3A%2F%2Fjcapote.myopenid.com%2F&openid.mode=checkid_setup&openid.ns=http%3A%2F%2Fspecs.openid.net%2Fauth%2F2.0&openid.realm=http%3A%2F%2Flocalhost%3A3000%2Fconsumer&openid.return_to=http%3A%2F%2Flocalhost%3A3000%2Fconsumer%2Fcomplete
Completed in 927ms (DB: 0) | 302 Found [http://localhost/consumer/start?openid_identifier=jcapote.myopenid.com]
